{"/home/kali/Desktop/pupa/src/index.ts": {"path":"/home/kali/Desktop/pupa/src/index.ts","statementMap":{"0":{"start":{"line":1,"column":0},"end":{"line":1,"column":80}},"1":{"start":{"line":2,"column":0},"end":{"line":2,"column":61}},"2":{"start":{"line":5,"column":0},"end":{"line":5,"column":33}},"3":{"start":{"line":6,"column":0},"end":{"line":6,"column":null}},"4":{"start":{"line":7,"column":2},"end":{"line":7,"column":null}},"5":{"start":{"line":8,"column":2},"end":{"line":8,"column":null}},"6":{"start":{"line":12,"column":12},"end":{"line":12,"column":34}},"7":{"start":{"line":14,"column":4},"end":{"line":14,"column":35}},"8":{"start":{"line":15,"column":4},"end":{"line":15,"column":16}},"9":{"start":{"line":23,"column":4},"end":{"line":26,"column":6}},"10":{"start":{"line":35,"column":4},"end":{"line":35,"column":46}},"11":{"start":{"line":41,"column":4},"end":{"line":41,"column":66}},"12":{"start":{"line":47,"column":4},"end":{"line":47,"column":70}},"13":{"start":{"line":53,"column":4},"end":{"line":53,"column":70}},"14":{"start":{"line":11,"column":0},"end":{"line":11,"column":13}},"15":{"start":{"line":59,"column":4},"end":{"line":59,"column":66}},"16":{"start":{"line":57,"column":0},"end":{"line":57,"column":13}},"17":{"start":{"line":65,"column":4},"end":{"line":65,"column":34}},"18":{"start":{"line":63,"column":0},"end":{"line":63,"column":13}},"19":{"start":{"line":71,"column":2},"end":{"line":78,"column":null}},"20":{"start":{"line":73,"column":6},"end":{"line":73,"column":32}},"21":{"start":{"line":75,"column":6},"end":{"line":75,"column":34}},"22":{"start":{"line":77,"column":6},"end":{"line":77,"column":18}},"23":{"start":{"line":70,"column":0},"end":{"line":70,"column":16}}},"fnMap":{"0":{"name":"(anonymous_0)","decl":{"start":{"line":6,"column":0},"end":{"line":6,"column":12}},"loc":{"start":{"line":6,"column":23},"end":{"line":9,"column":1}}},"1":{"name":"(anonymous_1)","decl":{"start":{"line":11,"column":0},"end":{"line":11,"column":13}},"loc":{"start":{"line":11,"column":0},"end":{"line":55,"column":1}}},"2":{"name":"(anonymous_2)","decl":{"start":{"line":13,"column":12},"end":{"line":13,"column":21}},"loc":{"start":{"line":13,"column":50},"end":{"line":16,"column":3}}},"3":{"name":"(anonymous_3)","decl":{"start":{"line":22,"column":2},"end":{"line":22,"column":12}},"loc":{"start":{"line":22,"column":51},"end":{"line":27,"column":3}}},"4":{"name":"(anonymous_4)","decl":{"start":{"line":34,"column":2},"end":{"line":34,"column":12}},"loc":{"start":{"line":34,"column":45},"end":{"line":36,"column":3}}},"5":{"name":"(anonymous_5)","decl":{"start":{"line":38,"column":2},"end":{"line":38,"column":22}},"loc":{"start":{"line":39,"column":71},"end":{"line":42,"column":3}}},"6":{"name":"(anonymous_6)","decl":{"start":{"line":44,"column":2},"end":{"line":44,"column":24}},"loc":{"start":{"line":45,"column":75},"end":{"line":48,"column":3}}},"7":{"name":"(anonymous_7)","decl":{"start":{"line":50,"column":2},"end":{"line":50,"column":24}},"loc":{"start":{"line":51,"column":75},"end":{"line":54,"column":3}}},"8":{"name":"(anonymous_8)","decl":{"start":{"line":58,"column":2},"end":{"line":58,"column":7}},"loc":{"start":{"line":58,"column":7},"end":{"line":60,"column":3}}},"9":{"name":"(anonymous_9)","decl":{"start":{"line":64,"column":2},"end":{"line":64,"column":7}},"loc":{"start":{"line":64,"column":7},"end":{"line":66,"column":3}}},"10":{"name":"createPupa","decl":{"start":{"line":70,"column":16},"end":{"line":70,"column":26}},"loc":{"start":{"line":70,"column":36},"end":{"line":79,"column":1}}}},"branchMap":{"0":{"loc":{"start":{"line":6,"column":12},"end":{"line":6,"column":null}},"type":"binary-expr","locations":[{"start":{"line":6,"column":12},"end":{"line":6,"column":23}},{"start":{"line":6,"column":12},"end":{"line":6,"column":null}}]},"1":{"loc":{"start":{"line":25,"column":6},"end":{"line":25,"column":65}},"type":"cond-expr","locations":[{"start":{"line":25,"column":32},"end":{"line":25,"column":46}},{"start":{"line":25,"column":49},"end":{"line":25,"column":65}}]},"2":{"loc":{"start":{"line":71,"column":2},"end":{"line":78,"column":null}},"type":"switch","locations":[{"start":{"line":72,"column":4},"end":{"line":73,"column":32}},{"start":{"line":74,"column":4},"end":{"line":75,"column":34}},{"start":{"line":76,"column":4},"end":{"line":77,"column":18}}]}},"s":{"0":1,"1":1,"2":1,"3":1,"4":1,"5":1,"6":4,"7":5,"8":5,"9":2,"10":1,"11":0,"12":0,"13":2,"14":1,"15":2,"16":1,"17":0,"18":1,"19":4,"20":3,"21":0,"22":1,"23":1},"f":{"0":1,"1":4,"2":5,"3":2,"4":1,"5":0,"6":0,"7":2,"8":2,"9":0,"10":4},"b":{"0":[1,1],"1":[0,2],"2":[3,0,1]}}
,"/home/kali/Desktop/pupa/src/crawler/basic_crawler.ts": {"path":"/home/kali/Desktop/pupa/src/crawler/basic_crawler.ts","statementMap":{"0":{"start":{"line":1,"column":0},"end":{"line":1,"column":13}}},"fnMap":{},"branchMap":{},"s":{"0":1},"f":{},"b":{}}
,"/home/kali/Desktop/pupa/src/crawler/cheerio_crawler.ts": {"path":"/home/kali/Desktop/pupa/src/crawler/cheerio_crawler.ts","statementMap":{"0":{"start":{"line":1,"column":0},"end":{"line":1,"column":45}},"1":{"start":{"line":2,"column":0},"end":{"line":2,"column":24}},"2":{"start":{"line":4,"column":0},"end":{"line":4,"column":44}},"3":{"start":{"line":5,"column":0},"end":{"line":5,"column":33}},"4":{"start":{"line":6,"column":0},"end":{"line":6,"column":44}},"5":{"start":{"line":7,"column":0},"end":{"line":7,"column":69}},"6":{"start":{"line":31,"column":21},"end":{"line":39,"column":27}},"7":{"start":{"line":45,"column":4},"end":{"line":45,"column":12}},"8":{"start":{"line":46,"column":4},"end":{"line":46,"column":39}},"9":{"start":{"line":50,"column":19},"end":{"line":50,"column":30}},"10":{"start":{"line":51,"column":4},"end":{"line":51,"column":28}},"11":{"start":{"line":52,"column":4},"end":{"line":58,"column":null}},"12":{"start":{"line":57,"column":6},"end":{"line":57,"column":39}},"13":{"start":{"line":62,"column":4},"end":{"line":62,"column":null}},"14":{"start":{"line":66,"column":4},"end":{"line":66,"column":37}},"15":{"start":{"line":70,"column":4},"end":{"line":70,"column":null}},"16":{"start":{"line":74,"column":4},"end":{"line":88,"column":null}},"17":{"start":{"line":75,"column":6},"end":{"line":87,"column":null}},"18":{"start":{"line":76,"column":8},"end":{"line":78,"column":11}},"19":{"start":{"line":79,"column":12},"end":{"line":87,"column":null}},"20":{"start":{"line":80,"column":8},"end":{"line":82,"column":11}},"21":{"start":{"line":84,"column":8},"end":{"line":86,"column":11}},"22":{"start":{"line":90,"column":28},"end":{"line":90,"column":46}},"23":{"start":{"line":91,"column":4},"end":{"line":91,"column":33}},"24":{"start":{"line":92,"column":4},"end":{"line":92,"column":27}},"25":{"start":{"line":96,"column":4},"end":{"line":141,"column":null}},"26":{"start":{"line":100,"column":24},"end":{"line":100,"column":43}},"27":{"start":{"line":101,"column":21},"end":{"line":101,"column":32}},"28":{"start":{"line":102,"column":30},"end":{"line":102,"column":57}},"29":{"start":{"line":105,"column":6},"end":{"line":108,"column":9}},"30":{"start":{"line":110,"column":6},"end":{"line":137,"column":15}},"31":{"start":{"line":112,"column":10},"end":{"line":112,"column":25}},"32":{"start":{"line":113,"column":10},"end":{"line":117,"column":13}},"33":{"start":{"line":120,"column":10},"end":{"line":125,"column":12}},"34":{"start":{"line":128,"column":10},"end":{"line":134,"column":13}},"35":{"start":{"line":135,"column":10},"end":{"line":135,"column":26}},"36":{"start":{"line":138,"column":6},"end":{"line":140,"column":9}},"37":{"start":{"line":139,"column":8},"end":{"line":139,"column":19}},"38":{"start":{"line":143,"column":4},"end":{"line":143,"column":16}},"39":{"start":{"line":151,"column":4},"end":{"line":153,"column":7}},"40":{"start":{"line":152,"column":6},"end":{"line":152,"column":48}},"41":{"start":{"line":41,"column":0},"end":{"line":41,"column":13}}},"fnMap":{"0":{"name":"(anonymous_0)","decl":{"start":{"line":34,"column":21},"end":{"line":34,"column":24}},"loc":{"start":{"line":34,"column":26},"end":{"line":34,"column":29}}},"1":{"name":"(anonymous_1)","decl":{"start":{"line":35,"column":23},"end":{"line":35,"column":26}},"loc":{"start":{"line":35,"column":28},"end":{"line":35,"column":31}}},"2":{"name":"(anonymous_2)","decl":{"start":{"line":36,"column":23},"end":{"line":36,"column":26}},"loc":{"start":{"line":36,"column":28},"end":{"line":36,"column":31}}},"3":{"name":"(anonymous_3)","decl":{"start":{"line":44,"column":2},"end":{"line":44,"column":14}},"loc":{"start":{"line":44,"column":43},"end":{"line":47,"column":3}}},"4":{"name":"(anonymous_4)","decl":{"start":{"line":49,"column":10},"end":{"line":49,"column":18}},"loc":{"start":{"line":49,"column":18},"end":{"line":59,"column":3}}},"5":{"name":"(anonymous_5)","decl":{"start":{"line":61,"column":10},"end":{"line":61,"column":18}},"loc":{"start":{"line":61,"column":18},"end":{"line":63,"column":3}}},"6":{"name":"(anonymous_6)","decl":{"start":{"line":65,"column":10},"end":{"line":65,"column":22}},"loc":{"start":{"line":65,"column":22},"end":{"line":67,"column":3}}},"7":{"name":"(anonymous_7)","decl":{"start":{"line":69,"column":10},"end":{"line":69,"column":20}},"loc":{"start":{"line":69,"column":20},"end":{"line":71,"column":3}}},"8":{"name":"(anonymous_8)","decl":{"start":{"line":73,"column":10},"end":{"line":73,"column":20}},"loc":{"start":{"line":73,"column":61},"end":{"line":93,"column":3}}},"9":{"name":"(anonymous_9)","decl":{"start":{"line":95,"column":2},"end":{"line":95,"column":5}},"loc":{"start":{"line":95,"column":5},"end":{"line":144,"column":3}}},"10":{"name":"(anonymous_10)","decl":{"start":{"line":111,"column":24},"end":{"line":111,"column":27}},"loc":{"start":{"line":111,"column":30},"end":{"line":118,"column":9}}},"11":{"name":"(anonymous_11)","decl":{"start":{"line":119,"column":20},"end":{"line":119,"column":25}},"loc":{"start":{"line":119,"column":28},"end":{"line":126,"column":9}}},"12":{"name":"(anonymous_12)","decl":{"start":{"line":127,"column":19},"end":{"line":127,"column":22}},"loc":{"start":{"line":127,"column":24},"end":{"line":136,"column":9}}},"13":{"name":"(anonymous_13)","decl":{"start":{"line":138,"column":23},"end":{"line":138,"column":26}},"loc":{"start":{"line":138,"column":28},"end":{"line":140,"column":7}}},"14":{"name":"(anonymous_14)","decl":{"start":{"line":150,"column":2},"end":{"line":150,"column":5}},"loc":{"start":{"line":150,"column":5},"end":{"line":154,"column":3}}},"15":{"name":"(anonymous_15)","decl":{"start":{"line":151,"column":23},"end":{"line":151,"column":30}},"loc":{"start":{"line":151,"column":33},"end":{"line":153,"column":5}}}},"branchMap":{"0":{"loc":{"start":{"line":52,"column":4},"end":{"line":58,"column":null}},"type":"if","locations":[{"start":{"line":52,"column":4},"end":{"line":58,"column":null}}]},"1":{"loc":{"start":{"line":53,"column":6},"end":{"line":55,"column":32}},"type":"binary-expr","locations":[{"start":{"line":53,"column":6},"end":{"line":53,"column":30}},{"start":{"line":54,"column":6},"end":{"line":54,"column":26}},{"start":{"line":55,"column":6},"end":{"line":55,"column":32}}]},"2":{"loc":{"start":{"line":62,"column":19},"end":{"line":62,"column":73}},"type":"binary-expr","locations":[{"start":{"line":62,"column":19},"end":{"line":62,"column":45}},{"start":{"line":62,"column":49},"end":{"line":62,"column":73}}]},"3":{"loc":{"start":{"line":74,"column":4},"end":{"line":88,"column":null}},"type":"if","locations":[{"start":{"line":74,"column":4},"end":{"line":88,"column":null}}]},"4":{"loc":{"start":{"line":75,"column":6},"end":{"line":87,"column":null}},"type":"if","locations":[{"start":{"line":75,"column":6},"end":{"line":87,"column":null}},{"start":{"line":79,"column":12},"end":{"line":87,"column":null}}]},"5":{"loc":{"start":{"line":79,"column":12},"end":{"line":87,"column":null}},"type":"if","locations":[{"start":{"line":79,"column":12},"end":{"line":87,"column":null}},{"start":{"line":83,"column":11},"end":{"line":87,"column":null}}]},"6":{"loc":{"start":{"line":96,"column":4},"end":{"line":141,"column":null}},"type":"if","locations":[{"start":{"line":96,"column":4},"end":{"line":141,"column":null}}]},"7":{"loc":{"start":{"line":121,"column":12},"end":{"line":121,"column":42}},"type":"cond-expr","locations":[{"start":{"line":121,"column":19},"end":{"line":121,"column":32}},{"start":{"line":121,"column":35},"end":{"line":121,"column":42}}]},"8":{"loc":{"start":{"line":122,"column":12},"end":{"line":124,"column":40}},"type":"cond-expr","locations":[{"start":{"line":123,"column":16},"end":{"line":123,"column":54}},{"start":{"line":124,"column":17},"end":{"line":124,"column":40}}]}},"s":{"0":1,"1":1,"2":1,"3":1,"4":1,"5":1,"6":1,"7":2,"8":2,"9":2,"10":2,"11":2,"12":2,"13":4,"14":2,"15":2,"16":2,"17":1,"18":1,"19":0,"20":0,"21":0,"22":2,"23":2,"24":2,"25":4,"26":2,"27":2,"28":2,"29":2,"30":2,"31":2,"32":2,"33":2,"34":2,"35":2,"36":2,"37":2,"38":4,"39":2,"40":2,"41":1},"f":{"0":2,"1":2,"2":0,"3":2,"4":2,"5":4,"6":2,"7":2,"8":2,"9":4,"10":2,"11":2,"12":2,"13":2,"14":2,"15":2},"b":{"0":[2],"1":[2,2,2],"2":[4,4],"3":[1],"4":[1,0],"5":[0,0],"6":[2],"7":[0,2],"8":[0,2]}}
,"/home/kali/Desktop/pupa/src/crawler/puppeteer_crawler.ts": {"path":"/home/kali/Desktop/pupa/src/crawler/puppeteer_crawler.ts","statementMap":{"0":{"start":{"line":1,"column":0},"end":{"line":1,"column":45}},"1":{"start":{"line":6,"column":4},"end":{"line":6,"column":42}},"2":{"start":{"line":7,"column":4},"end":{"line":7,"column":16}},"3":{"start":{"line":11,"column":4},"end":{"line":13,"column":7}},"4":{"start":{"line":12,"column":6},"end":{"line":12,"column":48}},"5":{"start":{"line":3,"column":0},"end":{"line":3,"column":13}}},"fnMap":{"0":{"name":"(anonymous_0)","decl":{"start":{"line":5,"column":2},"end":{"line":5,"column":5}},"loc":{"start":{"line":5,"column":5},"end":{"line":8,"column":3}}},"1":{"name":"(anonymous_1)","decl":{"start":{"line":10,"column":2},"end":{"line":10,"column":5}},"loc":{"start":{"line":10,"column":5},"end":{"line":14,"column":3}}},"2":{"name":"(anonymous_2)","decl":{"start":{"line":11,"column":23},"end":{"line":11,"column":30}},"loc":{"start":{"line":11,"column":33},"end":{"line":13,"column":5}}}},"branchMap":{},"s":{"0":1,"1":0,"2":0,"3":0,"4":0,"5":1},"f":{"0":0,"1":0,"2":0},"b":{}}
,"/home/kali/Desktop/pupa/src/helper/index.ts": {"path":"/home/kali/Desktop/pupa/src/helper/index.ts","statementMap":{"0":{"start":{"line":1,"column":0},"end":{"line":1,"column":24}},"1":{"start":{"line":10,"column":2},"end":{"line":10,"column":77}},"2":{"start":{"line":9,"column":0},"end":{"line":9,"column":16}},"3":{"start":{"line":19,"column":2},"end":{"line":19,"column":44}},"4":{"start":{"line":18,"column":0},"end":{"line":18,"column":16}},"5":{"start":{"line":22,"column":21},"end":{"line":22,"column":36}},"6":{"start":{"line":29,"column":2},"end":{"line":37,"column":null}},"7":{"start":{"line":30,"column":4},"end":{"line":34,"column":6}},"8":{"start":{"line":36,"column":4},"end":{"line":36,"column":17}},"9":{"start":{"line":28,"column":0},"end":{"line":28,"column":16}},"10":{"start":{"line":46,"column":2},"end":{"line":46,"column":null}},"11":{"start":{"line":45,"column":0},"end":{"line":45,"column":16}},"12":{"start":{"line":60,"column":6},"end":{"line":75,"column":4}},"13":{"start":{"line":76,"column":2},"end":{"line":78,"column":null}},"14":{"start":{"line":77,"column":4},"end":{"line":77,"column":36}},"15":{"start":{"line":79,"column":2},"end":{"line":83,"column":null}},"16":{"start":{"line":80,"column":4},"end":{"line":82,"column":8}},"17":{"start":{"line":84,"column":2},"end":{"line":84,"column":17}},"18":{"start":{"line":54,"column":0},"end":{"line":54,"column":16}}},"fnMap":{"0":{"name":"isArray","decl":{"start":{"line":9,"column":16},"end":{"line":9,"column":23}},"loc":{"start":{"line":9,"column":34},"end":{"line":11,"column":1}}},"1":{"name":"isString","decl":{"start":{"line":18,"column":16},"end":{"line":18,"column":24}},"loc":{"start":{"line":18,"column":35},"end":{"line":20,"column":1}}},"2":{"name":"isUrl","decl":{"start":{"line":28,"column":16},"end":{"line":28,"column":21}},"loc":{"start":{"line":28,"column":32},"end":{"line":38,"column":1}}},"3":{"name":"isFunction","decl":{"start":{"line":45,"column":16},"end":{"line":45,"column":26}},"loc":{"start":{"line":45,"column":37},"end":{"line":47,"column":1}}},"4":{"name":"urlToHttpOptions","decl":{"start":{"line":54,"column":16},"end":{"line":54,"column":32}},"loc":{"start":{"line":54,"column":41},"end":{"line":85,"column":1}}}},"branchMap":{"0":{"loc":{"start":{"line":31,"column":6},"end":{"line":33,"column":28}},"type":"binary-expr","locations":[{"start":{"line":31,"column":6},"end":{"line":31,"column":25}},{"start":{"line":32,"column":8},"end":{"line":32,"column":41}},{"start":{"line":33,"column":8},"end":{"line":33,"column":28}}]},"1":{"loc":{"start":{"line":63,"column":6},"end":{"line":65,"column":22}},"type":"cond-expr","locations":[{"start":{"line":64,"column":10},"end":{"line":64,"column":35}},{"start":{"line":65,"column":10},"end":{"line":65,"column":22}}]},"2":{"loc":{"start":{"line":63,"column":6},"end":{"line":63,"column":70}},"type":"binary-expr","locations":[{"start":{"line":63,"column":6},"end":{"line":63,"column":38}},{"start":{"line":63,"column":42},"end":{"line":63,"column":70}}]},"3":{"loc":{"start":{"line":73,"column":13},"end":{"line":73,"column":31}},"type":"binary-expr","locations":[{"start":{"line":73,"column":13},"end":{"line":73,"column":25}},{"start":{"line":73,"column":29},"end":{"line":73,"column":31}}]},"4":{"loc":{"start":{"line":73,"column":34},"end":{"line":73,"column":50}},"type":"binary-expr","locations":[{"start":{"line":73,"column":34},"end":{"line":73,"column":44}},{"start":{"line":73,"column":48},"end":{"line":73,"column":50}}]},"5":{"loc":{"start":{"line":76,"column":2},"end":{"line":78,"column":null}},"type":"if","locations":[{"start":{"line":76,"column":2},"end":{"line":78,"column":null}}]},"6":{"loc":{"start":{"line":79,"column":2},"end":{"line":83,"column":null}},"type":"if","locations":[{"start":{"line":79,"column":2},"end":{"line":83,"column":null}}]},"7":{"loc":{"start":{"line":79,"column":6},"end":{"line":79,"column":34}},"type":"binary-expr","locations":[{"start":{"line":79,"column":6},"end":{"line":79,"column":18}},{"start":{"line":79,"column":22},"end":{"line":79,"column":34}}]}},"s":{"0":1,"1":6,"2":1,"3":3,"4":1,"5":1,"6":1,"7":1,"8":0,"9":1,"10":2,"11":1,"12":1,"13":1,"14":1,"15":1,"16":0,"17":1,"18":1},"f":{"0":6,"1":3,"2":1,"3":2,"4":1},"b":{"0":[1,0,0],"1":[0,1],"2":[1,1],"3":[1,0],"4":[1,1],"5":[1],"6":[0],"7":[1,1]}}
,"/home/kali/Desktop/pupa/src/request/index.ts": {"path":"/home/kali/Desktop/pupa/src/request/index.ts","statementMap":{"0":{"start":{"line":1,"column":0},"end":{"line":1,"column":60}},"1":{"start":{"line":2,"column":0},"end":{"line":2,"column":42}},"2":{"start":{"line":3,"column":0},"end":{"line":3,"column":36}},"3":{"start":{"line":4,"column":0},"end":{"line":4,"column":24}},"4":{"start":{"line":6,"column":0},"end":{"line":6,"column":44}},"5":{"start":{"line":16,"column":4},"end":{"line":16,"column":12}},"6":{"start":{"line":17,"column":4},"end":{"line":27,"column":7}},"7":{"start":{"line":18,"column":6},"end":{"line":18,"column":33}},"8":{"start":{"line":20,"column":6},"end":{"line":22,"column":9}},"9":{"start":{"line":21,"column":8},"end":{"line":21,"column":33}},"10":{"start":{"line":24,"column":6},"end":{"line":26,"column":9}},"11":{"start":{"line":25,"column":8},"end":{"line":25,"column":25}},"12":{"start":{"line":31,"column":4},"end":{"line":37,"column":null}},"13":{"start":{"line":32,"column":6},"end":{"line":32,"column":38}},"14":{"start":{"line":33,"column":10},"end":{"line":37,"column":null}},"15":{"start":{"line":34,"column":6},"end":{"line":34,"column":29}},"16":{"start":{"line":36,"column":6},"end":{"line":36,"column":30}},"17":{"start":{"line":41,"column":21},"end":{"line":41,"column":45}},"18":{"start":{"line":42,"column":4},"end":{"line":48,"column":null}},"19":{"start":{"line":43,"column":6},"end":{"line":43,"column":22}},"20":{"start":{"line":44,"column":11},"end":{"line":48,"column":null}},"21":{"start":{"line":45,"column":6},"end":{"line":45,"column":21}},"22":{"start":{"line":47,"column":6},"end":{"line":47,"column":64}},"23":{"start":{"line":52,"column":4},"end":{"line":54,"column":7}},"24":{"start":{"line":53,"column":6},"end":{"line":53,"column":30}},"25":{"start":{"line":55,"column":4},"end":{"line":55,"column":16}},"26":{"start":{"line":59,"column":4},"end":{"line":59,"column":29}},"27":{"start":{"line":60,"column":4},"end":{"line":60,"column":16}},"28":{"start":{"line":12,"column":0},"end":{"line":12,"column":13}},"29":{"start":{"line":65,"column":2},"end":{"line":65,"column":29}},"30":{"start":{"line":64,"column":0},"end":{"line":64,"column":24}}},"fnMap":{"0":{"name":"(anonymous_0)","decl":{"start":{"line":15,"column":2},"end":{"line":15,"column":14}},"loc":{"start":{"line":15,"column":40},"end":{"line":28,"column":3}}},"1":{"name":"(anonymous_1)","decl":{"start":{"line":17,"column":57},"end":{"line":17,"column":60}},"loc":{"start":{"line":17,"column":63},"end":{"line":27,"column":5}}},"2":{"name":"(anonymous_2)","decl":{"start":{"line":20,"column":21},"end":{"line":20,"column":26}},"loc":{"start":{"line":20,"column":29},"end":{"line":22,"column":7}}},"3":{"name":"(anonymous_3)","decl":{"start":{"line":24,"column":20},"end":{"line":24,"column":23}},"loc":{"start":{"line":24,"column":25},"end":{"line":26,"column":7}}},"4":{"name":"(anonymous_4)","decl":{"start":{"line":30,"column":10},"end":{"line":30,"column":21}},"loc":{"start":{"line":30,"column":48},"end":{"line":38,"column":3}}},"5":{"name":"(anonymous_5)","decl":{"start":{"line":40,"column":10},"end":{"line":40,"column":20}},"loc":{"start":{"line":40,"column":47},"end":{"line":49,"column":3}}},"6":{"name":"(anonymous_6)","decl":{"start":{"line":51,"column":2},"end":{"line":51,"column":7}},"loc":{"start":{"line":51,"column":30},"end":{"line":56,"column":3}}},"7":{"name":"(anonymous_7)","decl":{"start":{"line":52,"column":36},"end":{"line":52,"column":39}},"loc":{"start":{"line":52,"column":42},"end":{"line":54,"column":5}}},"8":{"name":"(anonymous_8)","decl":{"start":{"line":58,"column":2},"end":{"line":58,"column":5}},"loc":{"start":{"line":58,"column":5},"end":{"line":61,"column":3}}},"9":{"name":"requestFactory","decl":{"start":{"line":64,"column":24},"end":{"line":64,"column":38}},"loc":{"start":{"line":64,"column":65},"end":{"line":66,"column":1}}}},"branchMap":{"0":{"loc":{"start":{"line":31,"column":4},"end":{"line":37,"column":null}},"type":"if","locations":[{"start":{"line":31,"column":4},"end":{"line":37,"column":null}},{"start":{"line":33,"column":10},"end":{"line":37,"column":null}}]},"1":{"loc":{"start":{"line":33,"column":10},"end":{"line":37,"column":null}},"type":"if","locations":[{"start":{"line":33,"column":10},"end":{"line":37,"column":null}},{"start":{"line":35,"column":9},"end":{"line":37,"column":null}}]},"2":{"loc":{"start":{"line":42,"column":4},"end":{"line":48,"column":null}},"type":"if","locations":[{"start":{"line":42,"column":4},"end":{"line":48,"column":null}},{"start":{"line":44,"column":11},"end":{"line":48,"column":null}}]},"3":{"loc":{"start":{"line":44,"column":11},"end":{"line":48,"column":null}},"type":"if","locations":[{"start":{"line":44,"column":11},"end":{"line":48,"column":null}},{"start":{"line":46,"column":11},"end":{"line":48,"column":null}}]}},"s":{"0":1,"1":1,"2":1,"3":1,"4":1,"5":2,"6":2,"7":2,"8":2,"9":2,"10":2,"11":2,"12":2,"13":1,"14":1,"15":0,"16":1,"17":2,"18":2,"19":0,"20":2,"21":2,"22":0,"23":0,"24":0,"25":0,"26":2,"27":2,"28":1,"29":2,"30":1},"f":{"0":2,"1":2,"2":2,"3":2,"4":2,"5":2,"6":0,"7":0,"8":2,"9":2},"b":{"0":[1,1],"1":[0,1],"2":[0,2],"3":[2,0]}}
,"/home/kali/Desktop/pupa/src/server/index.ts": {"path":"/home/kali/Desktop/pupa/src/server/index.ts","statementMap":{"0":{"start":{"line":1,"column":0},"end":{"line":1,"column":67}},"1":{"start":{"line":2,"column":0},"end":{"line":2,"column":24}},"2":{"start":{"line":3,"column":0},"end":{"line":3,"column":29}},"3":{"start":{"line":4,"column":0},"end":{"line":4,"column":37}},"4":{"start":{"line":30,"column":4},"end":{"line":30,"column":58}},"5":{"start":{"line":31,"column":4},"end":{"line":31,"column":29}},"6":{"start":{"line":32,"column":4},"end":{"line":32,"column":27}},"7":{"start":{"line":33,"column":4},"end":{"line":33,"column":28}},"8":{"start":{"line":34,"column":4},"end":{"line":34,"column":28}},"9":{"start":{"line":35,"column":4},"end":{"line":35,"column":30}},"10":{"start":{"line":21,"column":19},"end":{"line":21,"column":35}},"11":{"start":{"line":22,"column":4},"end":{"line":26,"column":7}},"12":{"start":{"line":23,"column":6},"end":{"line":25,"column":9}},"13":{"start":{"line":24,"column":8},"end":{"line":24,"column":24}},"14":{"start":{"line":40,"column":4},"end":{"line":40,"column":37}},"15":{"start":{"line":44,"column":4},"end":{"line":50,"column":6}},"16":{"start":{"line":47,"column":8},"end":{"line":47,"column":48}},"17":{"start":{"line":48,"column":8},"end":{"line":48,"column":23}},"18":{"start":{"line":54,"column":4},"end":{"line":54,"column":47}},"19":{"start":{"line":58,"column":4},"end":{"line":58,"column":33}},"20":{"start":{"line":62,"column":4},"end":{"line":62,"column":27}},"21":{"start":{"line":63,"column":4},"end":{"line":63,"column":28}},"22":{"start":{"line":64,"column":4},"end":{"line":64,"column":28}},"23":{"start":{"line":65,"column":4},"end":{"line":65,"column":30}},"24":{"start":{"line":69,"column":4},"end":{"line":71,"column":7}},"25":{"start":{"line":70,"column":6},"end":{"line":70,"column":40}},"26":{"start":{"line":75,"column":20},"end":{"line":75,"column":53}},"27":{"start":{"line":76,"column":4},"end":{"line":76,"column":51}},"28":{"start":{"line":81,"column":4},"end":{"line":81,"column":40}},"29":{"start":{"line":82,"column":23},"end":{"line":82,"column":50}},"30":{"start":{"line":84,"column":24},"end":{"line":84,"column":41}},"31":{"start":{"line":85,"column":4},"end":{"line":87,"column":null}},"32":{"start":{"line":86,"column":6},"end":{"line":86,"column":54}},"33":{"start":{"line":88,"column":17},"end":{"line":88,"column":41}},"34":{"start":{"line":89,"column":4},"end":{"line":95,"column":null}},"35":{"start":{"line":90,"column":6},"end":{"line":92,"column":9}},"36":{"start":{"line":93,"column":6},"end":{"line":93,"column":68}},"37":{"start":{"line":94,"column":6},"end":{"line":94,"column":13}},"38":{"start":{"line":97,"column":18},"end":{"line":97,"column":48}},"39":{"start":{"line":99,"column":4},"end":{"line":116,"column":14}},"40":{"start":{"line":100,"column":20},"end":{"line":100,"column":45}},"41":{"start":{"line":101,"column":6},"end":{"line":103,"column":null}},"42":{"start":{"line":102,"column":8},"end":{"line":102,"column":40}},"43":{"start":{"line":105,"column":22},"end":{"line":105,"column":49}},"44":{"start":{"line":106,"column":6},"end":{"line":113,"column":null}},"45":{"start":{"line":107,"column":8},"end":{"line":111,"column":null}},"46":{"start":{"line":108,"column":10},"end":{"line":108,"column":41}},"47":{"start":{"line":110,"column":10},"end":{"line":110,"column":32}},"48":{"start":{"line":112,"column":8},"end":{"line":112,"column":15}},"49":{"start":{"line":115,"column":6},"end":{"line":115,"column":29}},"50":{"start":{"line":120,"column":4},"end":{"line":122,"column":null}},"51":{"start":{"line":121,"column":6},"end":{"line":121,"column":18}},"52":{"start":{"line":123,"column":24},"end":{"line":123,"column":74}},"53":{"start":{"line":124,"column":4},"end":{"line":126,"column":null}},"54":{"start":{"line":125,"column":6},"end":{"line":125,"column":18}},"55":{"start":{"line":127,"column":4},"end":{"line":127,"column":17}},"56":{"start":{"line":131,"column":24},"end":{"line":131,"column":57}},"57":{"start":{"line":132,"column":4},"end":{"line":132,"column":57}},"58":{"start":{"line":136,"column":4},"end":{"line":142,"column":7}},"59":{"start":{"line":137,"column":6},"end":{"line":140,"column":null}},"60":{"start":{"line":138,"column":8},"end":{"line":138,"column":23}},"61":{"start":{"line":139,"column":8},"end":{"line":139,"column":15}},"62":{"start":{"line":141,"column":6},"end":{"line":141,"column":16}},"63":{"start":{"line":13,"column":0},"end":{"line":13,"column":13}}},"fnMap":{"0":{"name":"(anonymous_0)","decl":{"start":{"line":29,"column":2},"end":{"line":29,"column":14}},"loc":{"start":{"line":29,"column":26},"end":{"line":36,"column":3}}},"1":{"name":"(anonymous_1)","decl":{"start":{"line":20,"column":2},"end":{"line":20,"column":8}},"loc":{"start":{"line":20,"column":25},"end":{"line":27,"column":3}}},"2":{"name":"(anonymous_2)","decl":{"start":{"line":22,"column":23},"end":{"line":22,"column":30}},"loc":{"start":{"line":22,"column":33},"end":{"line":26,"column":5}}},"3":{"name":"(anonymous_3)","decl":{"start":{"line":23,"column":45},"end":{"line":23,"column":48}},"loc":{"start":{"line":23,"column":50},"end":{"line":25,"column":7}}},"4":{"name":"(anonymous_4)","decl":{"start":{"line":39,"column":2},"end":{"line":39,"column":12}},"loc":{"start":{"line":39,"column":83},"end":{"line":41,"column":3}}},"5":{"name":"(anonymous_5)","decl":{"start":{"line":43,"column":2},"end":{"line":43,"column":13}},"loc":{"start":{"line":43,"column":38},"end":{"line":51,"column":3}}},"6":{"name":"(anonymous_6)","decl":{"start":{"line":46,"column":6},"end":{"line":46,"column":7}},"loc":{"start":{"line":46,"column":61},"end":{"line":49,"column":7}}},"7":{"name":"(anonymous_7)","decl":{"start":{"line":53,"column":2},"end":{"line":53,"column":9}},"loc":{"start":{"line":53,"column":58},"end":{"line":55,"column":3}}},"8":{"name":"(anonymous_8)","decl":{"start":{"line":57,"column":2},"end":{"line":57,"column":18}},"loc":{"start":{"line":57,"column":46},"end":{"line":59,"column":3}}},"9":{"name":"(anonymous_9)","decl":{"start":{"line":61,"column":2},"end":{"line":61,"column":7}},"loc":{"start":{"line":61,"column":7},"end":{"line":66,"column":3}}},"10":{"name":"(anonymous_10)","decl":{"start":{"line":68,"column":2},"end":{"line":68,"column":6}},"loc":{"start":{"line":68,"column":6},"end":{"line":72,"column":3}}},"11":{"name":"(anonymous_11)","decl":{"start":{"line":69,"column":23},"end":{"line":69,"column":30}},"loc":{"start":{"line":69,"column":33},"end":{"line":71,"column":5}}},"12":{"name":"(anonymous_12)","decl":{"start":{"line":74,"column":10},"end":{"line":74,"column":23}},"loc":{"start":{"line":74,"column":48},"end":{"line":77,"column":3}}},"13":{"name":"(anonymous_13)","decl":{"start":{"line":79,"column":10},"end":{"line":79,"column":19}},"loc":{"start":{"line":79,"column":70},"end":{"line":117,"column":3}}},"14":{"name":"(anonymous_14)","decl":{"start":{"line":99,"column":15},"end":{"line":99,"column":18}},"loc":{"start":{"line":99,"column":20},"end":{"line":116,"column":5}}},"15":{"name":"(anonymous_15)","decl":{"start":{"line":119,"column":10},"end":{"line":119,"column":22}},"loc":{"start":{"line":119,"column":59},"end":{"line":128,"column":3}}},"16":{"name":"(anonymous_16)","decl":{"start":{"line":130,"column":10},"end":{"line":130,"column":24}},"loc":{"start":{"line":130,"column":43},"end":{"line":133,"column":3}}},"17":{"name":"(anonymous_17)","decl":{"start":{"line":135,"column":10},"end":{"line":135,"column":21}},"loc":{"start":{"line":135,"column":72},"end":{"line":143,"column":3}}},"18":{"name":"(anonymous_18)","decl":{"start":{"line":136,"column":24},"end":{"line":136,"column":25}},"loc":{"start":{"line":136,"column":56},"end":{"line":142,"column":5}}}},"branchMap":{"0":{"loc":{"start":{"line":85,"column":4},"end":{"line":87,"column":null}},"type":"if","locations":[{"start":{"line":85,"column":4},"end":{"line":87,"column":null}}]},"1":{"loc":{"start":{"line":89,"column":4},"end":{"line":95,"column":null}},"type":"if","locations":[{"start":{"line":89,"column":4},"end":{"line":95,"column":null}}]},"2":{"loc":{"start":{"line":97,"column":18},"end":{"line":97,"column":48}},"type":"binary-expr","locations":[{"start":{"line":97,"column":18},"end":{"line":97,"column":43}},{"start":{"line":97,"column":47},"end":{"line":97,"column":48}}]},"3":{"loc":{"start":{"line":101,"column":6},"end":{"line":103,"column":null}},"type":"if","locations":[{"start":{"line":101,"column":6},"end":{"line":103,"column":null}}]},"4":{"loc":{"start":{"line":106,"column":6},"end":{"line":113,"column":null}},"type":"if","locations":[{"start":{"line":106,"column":6},"end":{"line":113,"column":null}}]},"5":{"loc":{"start":{"line":107,"column":8},"end":{"line":111,"column":null}},"type":"if","locations":[{"start":{"line":107,"column":8},"end":{"line":111,"column":null}},{"start":{"line":109,"column":13},"end":{"line":111,"column":null}}]},"6":{"loc":{"start":{"line":120,"column":4},"end":{"line":122,"column":null}},"type":"if","locations":[{"start":{"line":120,"column":4},"end":{"line":122,"column":null}}]},"7":{"loc":{"start":{"line":124,"column":4},"end":{"line":126,"column":null}},"type":"if","locations":[{"start":{"line":124,"column":4},"end":{"line":126,"column":null}}]},"8":{"loc":{"start":{"line":130,"column":25},"end":{"line":130,"column":43}},"type":"default-arg","locations":[{"start":{"line":130,"column":41},"end":{"line":130,"column":43}}]},"9":{"loc":{"start":{"line":131,"column":24},"end":{"line":131,"column":57}},"type":"binary-expr","locations":[{"start":{"line":131,"column":24},"end":{"line":131,"column":51}},{"start":{"line":131,"column":55},"end":{"line":131,"column":57}}]},"10":{"loc":{"start":{"line":137,"column":6},"end":{"line":140,"column":null}},"type":"if","locations":[{"start":{"line":137,"column":6},"end":{"line":140,"column":null}}]}},"s":{"0":1,"1":1,"2":1,"3":1,"4":1,"5":1,"6":1,"7":1,"8":1,"9":1,"10":1,"11":1,"12":1,"13":1,"14":2,"15":0,"16":0,"17":0,"18":0,"19":0,"20":2,"21":2,"22":2,"23":2,"24":1,"25":1,"26":2,"27":2,"28":2,"29":2,"30":2,"31":2,"32":0,"33":2,"34":2,"35":0,"36":0,"37":0,"38":2,"39":2,"40":2,"41":2,"42":0,"43":2,"44":2,"45":2,"46":1,"47":1,"48":2,"49":0,"50":2,"51":2,"52":0,"53":0,"54":0,"55":0,"56":0,"57":0,"58":2,"59":0,"60":0,"61":0,"62":0,"63":1},"f":{"0":1,"1":1,"2":1,"3":1,"4":2,"5":0,"6":0,"7":0,"8":0,"9":2,"10":1,"11":1,"12":2,"13":2,"14":2,"15":2,"16":0,"17":2,"18":0},"b":{"0":[0],"1":[0],"2":[2,2],"3":[0],"4":[2],"5":[1,1],"6":[2],"7":[0],"8":[0],"9":[0,0],"10":[0]}}
}
