{"/home/kali/Desktop/pupa/src/index.ts": {"path":"/home/kali/Desktop/pupa/src/index.ts","statementMap":{"0":{"start":{"line":1,"column":0},"end":{"line":1,"column":null}},"1":{"start":{"line":7,"column":0},"end":{"line":7,"column":61}},"2":{"start":{"line":10,"column":0},"end":{"line":10,"column":25}},"3":{"start":{"line":11,"column":0},"end":{"line":11,"column":null}},"4":{"start":{"line":12,"column":2},"end":{"line":12,"column":null}},"5":{"start":{"line":13,"column":2},"end":{"line":13,"column":null}},"6":{"start":{"line":25,"column":10},"end":{"line":25,"column":32}},"7":{"start":{"line":28,"column":4},"end":{"line":28,"column":35}},"8":{"start":{"line":29,"column":4},"end":{"line":29,"column":16}},"9":{"start":{"line":33,"column":4},"end":{"line":33,"column":66}},"10":{"start":{"line":37,"column":4},"end":{"line":40,"column":6}},"11":{"start":{"line":44,"column":4},"end":{"line":44,"column":66}},"12":{"start":{"line":48,"column":4},"end":{"line":48,"column":70}},"13":{"start":{"line":52,"column":4},"end":{"line":52,"column":62}},"14":{"start":{"line":24,"column":0},"end":{"line":24,"column":13}},"15":{"start":{"line":57,"column":10},"end":{"line":57,"column":32}},"16":{"start":{"line":60,"column":4},"end":{"line":60,"column":35}},"17":{"start":{"line":61,"column":4},"end":{"line":61,"column":16}},"18":{"start":{"line":65,"column":4},"end":{"line":65,"column":34}},"19":{"start":{"line":69,"column":4},"end":{"line":72,"column":6}},"20":{"start":{"line":76,"column":4},"end":{"line":76,"column":66}},"21":{"start":{"line":80,"column":4},"end":{"line":80,"column":70}},"22":{"start":{"line":84,"column":4},"end":{"line":84,"column":62}},"23":{"start":{"line":56,"column":0},"end":{"line":56,"column":13}},"24":{"start":{"line":89,"column":2},"end":{"line":95,"column":null}},"25":{"start":{"line":91,"column":6},"end":{"line":91,"column":32}},"26":{"start":{"line":93,"column":6},"end":{"line":93,"column":34}},"27":{"start":{"line":96,"column":2},"end":{"line":96,"column":14}},"28":{"start":{"line":100,"column":2},"end":{"line":102,"column":4}},"29":{"start":{"line":99,"column":0},"end":{"line":99,"column":16}}},"fnMap":{"0":{"name":"(anonymous_0)","decl":{"start":{"line":11,"column":0},"end":{"line":11,"column":12}},"loc":{"start":{"line":11,"column":23},"end":{"line":14,"column":1}}},"1":{"name":"(anonymous_1)","decl":{"start":{"line":24,"column":0},"end":{"line":24,"column":13}},"loc":{"start":{"line":24,"column":0},"end":{"line":54,"column":1}}},"2":{"name":"(anonymous_2)","decl":{"start":{"line":27,"column":10},"end":{"line":27,"column":19}},"loc":{"start":{"line":27,"column":48},"end":{"line":30,"column":3}}},"3":{"name":"(anonymous_3)","decl":{"start":{"line":32,"column":2},"end":{"line":32,"column":7}},"loc":{"start":{"line":32,"column":7},"end":{"line":34,"column":3}}},"4":{"name":"(anonymous_4)","decl":{"start":{"line":36,"column":2},"end":{"line":36,"column":12}},"loc":{"start":{"line":36,"column":50},"end":{"line":41,"column":3}}},"5":{"name":"(anonymous_5)","decl":{"start":{"line":43,"column":2},"end":{"line":43,"column":22}},"loc":{"start":{"line":43,"column":67},"end":{"line":45,"column":3}}},"6":{"name":"(anonymous_6)","decl":{"start":{"line":47,"column":2},"end":{"line":47,"column":24}},"loc":{"start":{"line":47,"column":73},"end":{"line":49,"column":3}}},"7":{"name":"(anonymous_7)","decl":{"start":{"line":51,"column":2},"end":{"line":51,"column":20}},"loc":{"start":{"line":51,"column":61},"end":{"line":53,"column":3}}},"8":{"name":"(anonymous_8)","decl":{"start":{"line":56,"column":0},"end":{"line":56,"column":13}},"loc":{"start":{"line":56,"column":0},"end":{"line":86,"column":1}}},"9":{"name":"(anonymous_9)","decl":{"start":{"line":59,"column":10},"end":{"line":59,"column":19}},"loc":{"start":{"line":59,"column":48},"end":{"line":62,"column":3}}},"10":{"name":"(anonymous_10)","decl":{"start":{"line":64,"column":2},"end":{"line":64,"column":7}},"loc":{"start":{"line":64,"column":7},"end":{"line":66,"column":3}}},"11":{"name":"(anonymous_11)","decl":{"start":{"line":68,"column":2},"end":{"line":68,"column":12}},"loc":{"start":{"line":68,"column":50},"end":{"line":73,"column":3}}},"12":{"name":"(anonymous_12)","decl":{"start":{"line":75,"column":2},"end":{"line":75,"column":22}},"loc":{"start":{"line":75,"column":67},"end":{"line":77,"column":3}}},"13":{"name":"(anonymous_13)","decl":{"start":{"line":79,"column":2},"end":{"line":79,"column":24}},"loc":{"start":{"line":79,"column":73},"end":{"line":81,"column":3}}},"14":{"name":"(anonymous_14)","decl":{"start":{"line":83,"column":2},"end":{"line":83,"column":20}},"loc":{"start":{"line":83,"column":61},"end":{"line":85,"column":3}}},"15":{"name":"setMode","decl":{"start":{"line":88,"column":9},"end":{"line":88,"column":16}},"loc":{"start":{"line":88,"column":34},"end":{"line":97,"column":1}}},"16":{"name":"createPupa","decl":{"start":{"line":99,"column":16},"end":{"line":99,"column":26}},"loc":{"start":{"line":99,"column":26},"end":{"line":103,"column":1}}}},"branchMap":{"0":{"loc":{"start":{"line":11,"column":12},"end":{"line":11,"column":null}},"type":"binary-expr","locations":[{"start":{"line":11,"column":12},"end":{"line":11,"column":23}},{"start":{"line":11,"column":12},"end":{"line":11,"column":null}}]},"1":{"loc":{"start":{"line":39,"column":6},"end":{"line":39,"column":67}},"type":"cond-expr","locations":[{"start":{"line":39,"column":34},"end":{"line":39,"column":48}},{"start":{"line":39,"column":51},"end":{"line":39,"column":67}}]},"2":{"loc":{"start":{"line":71,"column":6},"end":{"line":71,"column":67}},"type":"cond-expr","locations":[{"start":{"line":71,"column":34},"end":{"line":71,"column":48}},{"start":{"line":71,"column":51},"end":{"line":71,"column":67}}]},"3":{"loc":{"start":{"line":89,"column":2},"end":{"line":95,"column":null}},"type":"switch","locations":[{"start":{"line":90,"column":4},"end":{"line":91,"column":32}},{"start":{"line":92,"column":4},"end":{"line":93,"column":34}},{"start":{"line":94,"column":4},"end":{"line":94,"column":12}}]}},"s":{"0":1,"1":1,"2":1,"3":1,"4":1,"5":1,"6":1,"7":2,"8":2,"9":1,"10":1,"11":0,"12":0,"13":1,"14":1,"15":0,"16":0,"17":0,"18":0,"19":0,"20":0,"21":0,"22":0,"23":1,"24":1,"25":1,"26":0,"27":0,"28":1,"29":1},"f":{"0":1,"1":1,"2":2,"3":1,"4":1,"5":0,"6":0,"7":1,"8":0,"9":0,"10":0,"11":0,"12":0,"13":0,"14":0,"15":1,"16":1},"b":{"0":[1,1],"1":[0,1],"2":[0,0],"3":[1,0,0]}}
,"/home/kali/Desktop/pupa/src/crawler/abstract_crawler.ts": {"path":"/home/kali/Desktop/pupa/src/crawler/abstract_crawler.ts","statementMap":{"0":{"start":{"line":1,"column":0},"end":{"line":1,"column":22}}},"fnMap":{},"branchMap":{},"s":{"0":1},"f":{},"b":{}}
,"/home/kali/Desktop/pupa/src/crawler/cheerio_crawler.ts": {"path":"/home/kali/Desktop/pupa/src/crawler/cheerio_crawler.ts","statementMap":{"0":{"start":{"line":1,"column":0},"end":{"line":1,"column":51}},"1":{"start":{"line":4,"column":0},"end":{"line":4,"column":64}},"2":{"start":{"line":5,"column":0},"end":{"line":5,"column":33}},"3":{"start":{"line":6,"column":0},"end":{"line":6,"column":44}},"4":{"start":{"line":39,"column":21},"end":{"line":46,"column":26}},"5":{"start":{"line":52,"column":4},"end":{"line":52,"column":12}},"6":{"start":{"line":53,"column":4},"end":{"line":53,"column":39}},"7":{"start":{"line":57,"column":19},"end":{"line":57,"column":30}},"8":{"start":{"line":58,"column":4},"end":{"line":60,"column":null}},"9":{"start":{"line":59,"column":6},"end":{"line":59,"column":39}},"10":{"start":{"line":64,"column":19},"end":{"line":64,"column":30}},"11":{"start":{"line":66,"column":4},"end":{"line":105,"column":null}},"12":{"start":{"line":67,"column":24},"end":{"line":67,"column":44}},"13":{"start":{"line":72,"column":33},"end":{"line":72,"column":52}},"14":{"start":{"line":73,"column":6},"end":{"line":73,"column":30}},"15":{"start":{"line":75,"column":6},"end":{"line":75,"column":63}},"16":{"start":{"line":76,"column":6},"end":{"line":101,"column":15}},"17":{"start":{"line":78,"column":10},"end":{"line":78,"column":25}},"18":{"start":{"line":79,"column":10},"end":{"line":79,"column":74}},"19":{"start":{"line":82,"column":10},"end":{"line":87,"column":12}},"20":{"start":{"line":90,"column":10},"end":{"line":96,"column":12}},"21":{"start":{"line":98,"column":10},"end":{"line":98,"column":34}},"22":{"start":{"line":99,"column":10},"end":{"line":99,"column":26}},"23":{"start":{"line":102,"column":8},"end":{"line":104,"column":11}},"24":{"start":{"line":103,"column":10},"end":{"line":103,"column":21}},"25":{"start":{"line":107,"column":4},"end":{"line":107,"column":16}},"26":{"start":{"line":111,"column":4},"end":{"line":113,"column":7}},"27":{"start":{"line":112,"column":6},"end":{"line":112,"column":48}},"28":{"start":{"line":48,"column":0},"end":{"line":48,"column":13}}},"fnMap":{"0":{"name":"(anonymous_0)","decl":{"start":{"line":41,"column":21},"end":{"line":41,"column":24}},"loc":{"start":{"line":41,"column":26},"end":{"line":41,"column":29}}},"1":{"name":"(anonymous_1)","decl":{"start":{"line":42,"column":23},"end":{"line":42,"column":26}},"loc":{"start":{"line":42,"column":28},"end":{"line":42,"column":31}}},"2":{"name":"(anonymous_2)","decl":{"start":{"line":43,"column":19},"end":{"line":43,"column":22}},"loc":{"start":{"line":43,"column":24},"end":{"line":43,"column":27}}},"3":{"name":"(anonymous_3)","decl":{"start":{"line":51,"column":2},"end":{"line":51,"column":14}},"loc":{"start":{"line":51,"column":42},"end":{"line":54,"column":3}}},"4":{"name":"(anonymous_4)","decl":{"start":{"line":56,"column":10},"end":{"line":56,"column":18}},"loc":{"start":{"line":56,"column":18},"end":{"line":61,"column":3}}},"5":{"name":"(anonymous_5)","decl":{"start":{"line":63,"column":2},"end":{"line":63,"column":5}},"loc":{"start":{"line":63,"column":5},"end":{"line":108,"column":3}}},"6":{"name":"(anonymous_6)","decl":{"start":{"line":77,"column":24},"end":{"line":77,"column":27}},"loc":{"start":{"line":77,"column":30},"end":{"line":80,"column":9}}},"7":{"name":"(anonymous_7)","decl":{"start":{"line":81,"column":20},"end":{"line":81,"column":25}},"loc":{"start":{"line":81,"column":28},"end":{"line":88,"column":9}}},"8":{"name":"(anonymous_8)","decl":{"start":{"line":89,"column":19},"end":{"line":89,"column":22}},"loc":{"start":{"line":89,"column":24},"end":{"line":100,"column":9}}},"9":{"name":"(anonymous_9)","decl":{"start":{"line":102,"column":25},"end":{"line":102,"column":28}},"loc":{"start":{"line":102,"column":30},"end":{"line":104,"column":9}}},"10":{"name":"(anonymous_10)","decl":{"start":{"line":110,"column":2},"end":{"line":110,"column":5}},"loc":{"start":{"line":110,"column":5},"end":{"line":114,"column":3}}},"11":{"name":"(anonymous_11)","decl":{"start":{"line":111,"column":23},"end":{"line":111,"column":30}},"loc":{"start":{"line":111,"column":33},"end":{"line":113,"column":5}}}},"branchMap":{"0":{"loc":{"start":{"line":58,"column":4},"end":{"line":60,"column":null}},"type":"if","locations":[{"start":{"line":58,"column":4},"end":{"line":60,"column":null}}]},"1":{"loc":{"start":{"line":58,"column":7},"end":{"line":58,"column":85}},"type":"binary-expr","locations":[{"start":{"line":58,"column":7},"end":{"line":58,"column":31}},{"start":{"line":58,"column":35},"end":{"line":58,"column":55}},{"start":{"line":58,"column":59},"end":{"line":58,"column":85}}]},"2":{"loc":{"start":{"line":66,"column":4},"end":{"line":105,"column":null}},"type":"if","locations":[{"start":{"line":66,"column":4},"end":{"line":105,"column":null}}]},"3":{"loc":{"start":{"line":83,"column":12},"end":{"line":83,"column":42}},"type":"cond-expr","locations":[{"start":{"line":83,"column":19},"end":{"line":83,"column":32}},{"start":{"line":83,"column":35},"end":{"line":83,"column":42}}]},"4":{"loc":{"start":{"line":84,"column":12},"end":{"line":86,"column":40}},"type":"cond-expr","locations":[{"start":{"line":85,"column":16},"end":{"line":85,"column":54}},{"start":{"line":86,"column":17},"end":{"line":86,"column":40}}]}},"s":{"0":1,"1":1,"2":1,"3":1,"4":1,"5":1,"6":1,"7":1,"8":1,"9":1,"10":2,"11":2,"12":1,"13":1,"14":1,"15":1,"16":1,"17":1,"18":1,"19":1,"20":1,"21":1,"22":1,"23":1,"24":1,"25":2,"26":1,"27":1,"28":1},"f":{"0":1,"1":1,"2":0,"3":1,"4":1,"5":2,"6":1,"7":1,"8":1,"9":1,"10":1,"11":1},"b":{"0":[1],"1":[1,1,1],"2":[1],"3":[0,1],"4":[0,1]}}
,"/home/kali/Desktop/pupa/src/crawler/puppeteer_crawler.ts": {"path":"/home/kali/Desktop/pupa/src/crawler/puppeteer_crawler.ts","statementMap":{"0":{"start":{"line":2,"column":0},"end":{"line":2,"column":51}},"1":{"start":{"line":6,"column":4},"end":{"line":6,"column":42}},"2":{"start":{"line":7,"column":4},"end":{"line":7,"column":16}},"3":{"start":{"line":11,"column":4},"end":{"line":13,"column":null}},"4":{"start":{"line":4,"column":0},"end":{"line":4,"column":13}}},"fnMap":{"0":{"name":"(anonymous_0)","decl":{"start":{"line":5,"column":2},"end":{"line":5,"column":5}},"loc":{"start":{"line":5,"column":5},"end":{"line":8,"column":3}}},"1":{"name":"(anonymous_1)","decl":{"start":{"line":10,"column":2},"end":{"line":10,"column":5}},"loc":{"start":{"line":10,"column":5},"end":{"line":14,"column":3}}},"2":{"name":"(anonymous_2)","decl":{"start":{"line":11,"column":23},"end":{"line":11,"column":24}},"loc":{"start":{"line":11,"column":35},"end":{"line":13,"column":5}}}},"branchMap":{},"s":{"0":1,"1":0,"2":0,"3":0,"4":1},"f":{"0":0,"1":0,"2":0},"b":{}}
,"/home/kali/Desktop/pupa/src/request/index.ts": {"path":"/home/kali/Desktop/pupa/src/request/index.ts","statementMap":{"0":{"start":{"line":1,"column":0},"end":{"line":1,"column":60}},"1":{"start":{"line":2,"column":0},"end":{"line":2,"column":42}},"2":{"start":{"line":3,"column":0},"end":{"line":3,"column":36}},"3":{"start":{"line":4,"column":0},"end":{"line":4,"column":24}},"4":{"start":{"line":5,"column":0},"end":{"line":5,"column":25}},"5":{"start":{"line":13,"column":4},"end":{"line":13,"column":12}},"6":{"start":{"line":14,"column":4},"end":{"line":24,"column":7}},"7":{"start":{"line":15,"column":6},"end":{"line":15,"column":33}},"8":{"start":{"line":17,"column":6},"end":{"line":19,"column":9}},"9":{"start":{"line":18,"column":8},"end":{"line":18,"column":33}},"10":{"start":{"line":21,"column":6},"end":{"line":23,"column":9}},"11":{"start":{"line":22,"column":8},"end":{"line":22,"column":25}},"12":{"start":{"line":28,"column":4},"end":{"line":34,"column":null}},"13":{"start":{"line":29,"column":6},"end":{"line":29,"column":43}},"14":{"start":{"line":30,"column":11},"end":{"line":34,"column":null}},"15":{"start":{"line":31,"column":6},"end":{"line":31,"column":29}},"16":{"start":{"line":32,"column":11},"end":{"line":34,"column":null}},"17":{"start":{"line":33,"column":6},"end":{"line":33,"column":48}},"18":{"start":{"line":35,"column":4},"end":{"line":35,"column":14}},"19":{"start":{"line":39,"column":21},"end":{"line":39,"column":45}},"20":{"start":{"line":40,"column":4},"end":{"line":46,"column":null}},"21":{"start":{"line":41,"column":6},"end":{"line":41,"column":22}},"22":{"start":{"line":42,"column":11},"end":{"line":46,"column":null}},"23":{"start":{"line":43,"column":6},"end":{"line":43,"column":21}},"24":{"start":{"line":45,"column":6},"end":{"line":45,"column":64}},"25":{"start":{"line":50,"column":4},"end":{"line":52,"column":7}},"26":{"start":{"line":51,"column":6},"end":{"line":51,"column":30}},"27":{"start":{"line":53,"column":4},"end":{"line":53,"column":16}},"28":{"start":{"line":57,"column":4},"end":{"line":57,"column":29}},"29":{"start":{"line":58,"column":4},"end":{"line":58,"column":16}},"30":{"start":{"line":9,"column":0},"end":{"line":9,"column":13}},"31":{"start":{"line":63,"column":29},"end":{"line":63,"column":48}},"32":{"start":{"line":64,"column":2},"end":{"line":64,"column":28}},"33":{"start":{"line":62,"column":0},"end":{"line":62,"column":24}}},"fnMap":{"0":{"name":"(anonymous_0)","decl":{"start":{"line":12,"column":2},"end":{"line":12,"column":14}},"loc":{"start":{"line":12,"column":40},"end":{"line":25,"column":3}}},"1":{"name":"(anonymous_1)","decl":{"start":{"line":14,"column":57},"end":{"line":14,"column":60}},"loc":{"start":{"line":14,"column":63},"end":{"line":24,"column":5}}},"2":{"name":"(anonymous_2)","decl":{"start":{"line":17,"column":21},"end":{"line":17,"column":26}},"loc":{"start":{"line":17,"column":29},"end":{"line":19,"column":7}}},"3":{"name":"(anonymous_3)","decl":{"start":{"line":21,"column":20},"end":{"line":21,"column":23}},"loc":{"start":{"line":21,"column":25},"end":{"line":23,"column":7}}},"4":{"name":"(anonymous_4)","decl":{"start":{"line":27,"column":10},"end":{"line":27,"column":21}},"loc":{"start":{"line":27,"column":48},"end":{"line":36,"column":3}}},"5":{"name":"(anonymous_5)","decl":{"start":{"line":38,"column":10},"end":{"line":38,"column":20}},"loc":{"start":{"line":38,"column":47},"end":{"line":47,"column":3}}},"6":{"name":"(anonymous_6)","decl":{"start":{"line":49,"column":2},"end":{"line":49,"column":7}},"loc":{"start":{"line":49,"column":30},"end":{"line":54,"column":3}}},"7":{"name":"(anonymous_7)","decl":{"start":{"line":50,"column":36},"end":{"line":50,"column":39}},"loc":{"start":{"line":50,"column":42},"end":{"line":52,"column":5}}},"8":{"name":"(anonymous_8)","decl":{"start":{"line":56,"column":2},"end":{"line":56,"column":5}},"loc":{"start":{"line":56,"column":5},"end":{"line":59,"column":3}}},"9":{"name":"requestPupa","decl":{"start":{"line":62,"column":24},"end":{"line":62,"column":35}},"loc":{"start":{"line":62,"column":62},"end":{"line":65,"column":1}}}},"branchMap":{"0":{"loc":{"start":{"line":28,"column":4},"end":{"line":34,"column":null}},"type":"if","locations":[{"start":{"line":28,"column":4},"end":{"line":34,"column":null}},{"start":{"line":30,"column":11},"end":{"line":34,"column":null}}]},"1":{"loc":{"start":{"line":30,"column":11},"end":{"line":34,"column":null}},"type":"if","locations":[{"start":{"line":30,"column":11},"end":{"line":34,"column":null}},{"start":{"line":32,"column":11},"end":{"line":34,"column":null}}]},"2":{"loc":{"start":{"line":32,"column":11},"end":{"line":34,"column":null}},"type":"if","locations":[{"start":{"line":32,"column":11},"end":{"line":34,"column":null}}]},"3":{"loc":{"start":{"line":40,"column":4},"end":{"line":46,"column":null}},"type":"if","locations":[{"start":{"line":40,"column":4},"end":{"line":46,"column":null}},{"start":{"line":42,"column":11},"end":{"line":46,"column":null}}]},"4":{"loc":{"start":{"line":42,"column":11},"end":{"line":46,"column":null}},"type":"if","locations":[{"start":{"line":42,"column":11},"end":{"line":46,"column":null}},{"start":{"line":44,"column":11},"end":{"line":46,"column":null}}]}},"s":{"0":1,"1":1,"2":1,"3":1,"4":1,"5":1,"6":1,"7":1,"8":1,"9":1,"10":1,"11":1,"12":1,"13":0,"14":1,"15":0,"16":1,"17":1,"18":0,"19":1,"20":1,"21":0,"22":1,"23":1,"24":0,"25":0,"26":0,"27":0,"28":1,"29":1,"30":1,"31":1,"32":1,"33":1},"f":{"0":1,"1":1,"2":1,"3":1,"4":1,"5":1,"6":0,"7":0,"8":1,"9":1},"b":{"0":[0,1],"1":[0,1],"2":[1],"3":[0,1],"4":[1,0]}}
,"/home/kali/Desktop/pupa/src/server/index.ts": {"path":"/home/kali/Desktop/pupa/src/server/index.ts","statementMap":{"0":{"start":{"line":1,"column":0},"end":{"line":1,"column":67}},"1":{"start":{"line":2,"column":0},"end":{"line":2,"column":24}},"2":{"start":{"line":3,"column":0},"end":{"line":3,"column":29}},"3":{"start":{"line":29,"column":4},"end":{"line":29,"column":58}},"4":{"start":{"line":30,"column":4},"end":{"line":30,"column":29}},"5":{"start":{"line":31,"column":4},"end":{"line":31,"column":27}},"6":{"start":{"line":32,"column":4},"end":{"line":32,"column":28}},"7":{"start":{"line":33,"column":4},"end":{"line":33,"column":28}},"8":{"start":{"line":34,"column":4},"end":{"line":34,"column":30}},"9":{"start":{"line":20,"column":19},"end":{"line":20,"column":35}},"10":{"start":{"line":21,"column":4},"end":{"line":25,"column":7}},"11":{"start":{"line":22,"column":6},"end":{"line":24,"column":9}},"12":{"start":{"line":23,"column":8},"end":{"line":23,"column":24}},"13":{"start":{"line":38,"column":4},"end":{"line":38,"column":37}},"14":{"start":{"line":42,"column":4},"end":{"line":48,"column":6}},"15":{"start":{"line":45,"column":8},"end":{"line":45,"column":48}},"16":{"start":{"line":46,"column":8},"end":{"line":46,"column":23}},"17":{"start":{"line":52,"column":4},"end":{"line":52,"column":47}},"18":{"start":{"line":56,"column":4},"end":{"line":56,"column":33}},"19":{"start":{"line":60,"column":4},"end":{"line":60,"column":27}},"20":{"start":{"line":61,"column":4},"end":{"line":61,"column":28}},"21":{"start":{"line":62,"column":4},"end":{"line":62,"column":28}},"22":{"start":{"line":63,"column":4},"end":{"line":63,"column":30}},"23":{"start":{"line":67,"column":4},"end":{"line":69,"column":7}},"24":{"start":{"line":68,"column":6},"end":{"line":68,"column":40}},"25":{"start":{"line":73,"column":20},"end":{"line":73,"column":53}},"26":{"start":{"line":74,"column":4},"end":{"line":74,"column":51}},"27":{"start":{"line":78,"column":4},"end":{"line":78,"column":40}},"28":{"start":{"line":79,"column":23},"end":{"line":79,"column":50}},"29":{"start":{"line":81,"column":24},"end":{"line":81,"column":41}},"30":{"start":{"line":82,"column":4},"end":{"line":84,"column":null}},"31":{"start":{"line":83,"column":6},"end":{"line":83,"column":54}},"32":{"start":{"line":85,"column":17},"end":{"line":85,"column":41}},"33":{"start":{"line":86,"column":4},"end":{"line":92,"column":null}},"34":{"start":{"line":87,"column":6},"end":{"line":89,"column":9}},"35":{"start":{"line":90,"column":6},"end":{"line":90,"column":68}},"36":{"start":{"line":91,"column":6},"end":{"line":91,"column":13}},"37":{"start":{"line":94,"column":18},"end":{"line":94,"column":48}},"38":{"start":{"line":96,"column":4},"end":{"line":109,"column":14}},"39":{"start":{"line":97,"column":20},"end":{"line":97,"column":45}},"40":{"start":{"line":98,"column":6},"end":{"line":100,"column":null}},"41":{"start":{"line":99,"column":8},"end":{"line":99,"column":40}},"42":{"start":{"line":102,"column":22},"end":{"line":102,"column":49}},"43":{"start":{"line":103,"column":6},"end":{"line":106,"column":null}},"44":{"start":{"line":104,"column":8},"end":{"line":104,"column":30}},"45":{"start":{"line":105,"column":8},"end":{"line":105,"column":15}},"46":{"start":{"line":108,"column":6},"end":{"line":108,"column":29}},"47":{"start":{"line":113,"column":4},"end":{"line":115,"column":null}},"48":{"start":{"line":114,"column":6},"end":{"line":114,"column":18}},"49":{"start":{"line":116,"column":24},"end":{"line":116,"column":74}},"50":{"start":{"line":117,"column":4},"end":{"line":119,"column":null}},"51":{"start":{"line":118,"column":6},"end":{"line":118,"column":18}},"52":{"start":{"line":120,"column":4},"end":{"line":120,"column":17}},"53":{"start":{"line":124,"column":24},"end":{"line":124,"column":57}},"54":{"start":{"line":125,"column":4},"end":{"line":125,"column":57}},"55":{"start":{"line":129,"column":4},"end":{"line":135,"column":7}},"56":{"start":{"line":130,"column":6},"end":{"line":133,"column":null}},"57":{"start":{"line":131,"column":8},"end":{"line":131,"column":23}},"58":{"start":{"line":132,"column":8},"end":{"line":132,"column":15}},"59":{"start":{"line":134,"column":6},"end":{"line":134,"column":16}},"60":{"start":{"line":12,"column":0},"end":{"line":12,"column":13}}},"fnMap":{"0":{"name":"(anonymous_0)","decl":{"start":{"line":28,"column":2},"end":{"line":28,"column":14}},"loc":{"start":{"line":28,"column":26},"end":{"line":35,"column":3}}},"1":{"name":"(anonymous_1)","decl":{"start":{"line":19,"column":2},"end":{"line":19,"column":8}},"loc":{"start":{"line":19,"column":25},"end":{"line":26,"column":3}}},"2":{"name":"(anonymous_2)","decl":{"start":{"line":21,"column":23},"end":{"line":21,"column":30}},"loc":{"start":{"line":21,"column":33},"end":{"line":25,"column":5}}},"3":{"name":"(anonymous_3)","decl":{"start":{"line":22,"column":45},"end":{"line":22,"column":48}},"loc":{"start":{"line":22,"column":50},"end":{"line":24,"column":7}}},"4":{"name":"(anonymous_4)","decl":{"start":{"line":37,"column":2},"end":{"line":37,"column":12}},"loc":{"start":{"line":37,"column":42},"end":{"line":39,"column":3}}},"5":{"name":"(anonymous_5)","decl":{"start":{"line":41,"column":2},"end":{"line":41,"column":13}},"loc":{"start":{"line":41,"column":38},"end":{"line":49,"column":3}}},"6":{"name":"(anonymous_6)","decl":{"start":{"line":44,"column":6},"end":{"line":44,"column":7}},"loc":{"start":{"line":44,"column":61},"end":{"line":47,"column":7}}},"7":{"name":"(anonymous_7)","decl":{"start":{"line":51,"column":2},"end":{"line":51,"column":9}},"loc":{"start":{"line":51,"column":58},"end":{"line":53,"column":3}}},"8":{"name":"(anonymous_8)","decl":{"start":{"line":55,"column":2},"end":{"line":55,"column":18}},"loc":{"start":{"line":55,"column":46},"end":{"line":57,"column":3}}},"9":{"name":"(anonymous_9)","decl":{"start":{"line":59,"column":2},"end":{"line":59,"column":7}},"loc":{"start":{"line":59,"column":7},"end":{"line":64,"column":3}}},"10":{"name":"(anonymous_10)","decl":{"start":{"line":66,"column":2},"end":{"line":66,"column":6}},"loc":{"start":{"line":66,"column":6},"end":{"line":70,"column":3}}},"11":{"name":"(anonymous_11)","decl":{"start":{"line":67,"column":23},"end":{"line":67,"column":30}},"loc":{"start":{"line":67,"column":33},"end":{"line":69,"column":5}}},"12":{"name":"(anonymous_12)","decl":{"start":{"line":72,"column":10},"end":{"line":72,"column":23}},"loc":{"start":{"line":72,"column":48},"end":{"line":75,"column":3}}},"13":{"name":"(anonymous_13)","decl":{"start":{"line":77,"column":10},"end":{"line":77,"column":19}},"loc":{"start":{"line":77,"column":70},"end":{"line":110,"column":3}}},"14":{"name":"(anonymous_14)","decl":{"start":{"line":96,"column":15},"end":{"line":96,"column":18}},"loc":{"start":{"line":96,"column":20},"end":{"line":109,"column":5}}},"15":{"name":"(anonymous_15)","decl":{"start":{"line":112,"column":10},"end":{"line":112,"column":22}},"loc":{"start":{"line":112,"column":59},"end":{"line":121,"column":3}}},"16":{"name":"(anonymous_16)","decl":{"start":{"line":123,"column":10},"end":{"line":123,"column":24}},"loc":{"start":{"line":123,"column":43},"end":{"line":126,"column":3}}},"17":{"name":"(anonymous_17)","decl":{"start":{"line":128,"column":10},"end":{"line":128,"column":21}},"loc":{"start":{"line":128,"column":72},"end":{"line":136,"column":3}}},"18":{"name":"(anonymous_18)","decl":{"start":{"line":129,"column":24},"end":{"line":129,"column":25}},"loc":{"start":{"line":129,"column":56},"end":{"line":135,"column":5}}}},"branchMap":{"0":{"loc":{"start":{"line":82,"column":4},"end":{"line":84,"column":null}},"type":"if","locations":[{"start":{"line":82,"column":4},"end":{"line":84,"column":null}}]},"1":{"loc":{"start":{"line":86,"column":4},"end":{"line":92,"column":null}},"type":"if","locations":[{"start":{"line":86,"column":4},"end":{"line":92,"column":null}}]},"2":{"loc":{"start":{"line":94,"column":18},"end":{"line":94,"column":48}},"type":"binary-expr","locations":[{"start":{"line":94,"column":18},"end":{"line":94,"column":43}},{"start":{"line":94,"column":47},"end":{"line":94,"column":48}}]},"3":{"loc":{"start":{"line":98,"column":6},"end":{"line":100,"column":null}},"type":"if","locations":[{"start":{"line":98,"column":6},"end":{"line":100,"column":null}}]},"4":{"loc":{"start":{"line":103,"column":6},"end":{"line":106,"column":null}},"type":"if","locations":[{"start":{"line":103,"column":6},"end":{"line":106,"column":null}}]},"5":{"loc":{"start":{"line":113,"column":4},"end":{"line":115,"column":null}},"type":"if","locations":[{"start":{"line":113,"column":4},"end":{"line":115,"column":null}}]},"6":{"loc":{"start":{"line":117,"column":4},"end":{"line":119,"column":null}},"type":"if","locations":[{"start":{"line":117,"column":4},"end":{"line":119,"column":null}}]},"7":{"loc":{"start":{"line":123,"column":25},"end":{"line":123,"column":43}},"type":"default-arg","locations":[{"start":{"line":123,"column":41},"end":{"line":123,"column":43}}]},"8":{"loc":{"start":{"line":124,"column":24},"end":{"line":124,"column":57}},"type":"binary-expr","locations":[{"start":{"line":124,"column":24},"end":{"line":124,"column":51}},{"start":{"line":124,"column":55},"end":{"line":124,"column":57}}]},"9":{"loc":{"start":{"line":130,"column":6},"end":{"line":133,"column":null}},"type":"if","locations":[{"start":{"line":130,"column":6},"end":{"line":133,"column":null}}]}},"s":{"0":1,"1":1,"2":1,"3":1,"4":1,"5":1,"6":1,"7":1,"8":1,"9":1,"10":1,"11":1,"12":1,"13":1,"14":0,"15":0,"16":0,"17":0,"18":0,"19":1,"20":1,"21":1,"22":1,"23":1,"24":1,"25":1,"26":1,"27":1,"28":1,"29":1,"30":1,"31":0,"32":1,"33":1,"34":0,"35":0,"36":0,"37":1,"38":1,"39":1,"40":1,"41":0,"42":1,"43":1,"44":1,"45":1,"46":0,"47":1,"48":1,"49":0,"50":0,"51":0,"52":0,"53":0,"54":0,"55":1,"56":0,"57":0,"58":0,"59":0,"60":1},"f":{"0":1,"1":1,"2":1,"3":1,"4":1,"5":0,"6":0,"7":0,"8":0,"9":1,"10":1,"11":1,"12":1,"13":1,"14":1,"15":1,"16":0,"17":1,"18":0},"b":{"0":[0],"1":[0],"2":[1,1],"3":[0],"4":[1],"5":[1],"6":[0],"7":[0],"8":[0,0],"9":[0]}}
}
