TN:
SF:src/index.ts
FN:6,(anonymous_0)
FN:11,(anonymous_1)
FN:13,(anonymous_2)
FN:22,(anonymous_3)
FN:34,(anonymous_4)
FN:38,(anonymous_5)
FN:44,(anonymous_6)
FN:50,(anonymous_7)
FN:58,(anonymous_8)
FN:64,(anonymous_9)
FN:70,createPupa
FNF:11
FNH:8
FNDA:1,(anonymous_0)
FNDA:4,(anonymous_1)
FNDA:5,(anonymous_2)
FNDA:2,(anonymous_3)
FNDA:1,(anonymous_4)
FNDA:0,(anonymous_5)
FNDA:0,(anonymous_6)
FNDA:2,(anonymous_7)
FNDA:2,(anonymous_8)
FNDA:0,(anonymous_9)
FNDA:4,createPupa
DA:1,1
DA:2,1
DA:5,1
DA:6,1
DA:7,1
DA:8,1
DA:11,1
DA:12,4
DA:14,5
DA:15,5
DA:23,2
DA:35,1
DA:41,0
DA:47,0
DA:53,2
DA:57,1
DA:59,2
DA:63,1
DA:65,0
DA:70,1
DA:71,4
DA:73,3
DA:75,0
DA:77,1
LF:24
LH:20
BRDA:6,0,0,1
BRDA:6,0,1,1
BRDA:25,1,0,0
BRDA:25,1,1,2
BRDA:71,2,0,3
BRDA:71,2,1,0
BRDA:71,2,2,1
BRF:7
BRH:5
end_of_record
TN:
SF:src/crawler/basic_crawler.ts
FNF:0
FNH:0
DA:1,1
LF:1
LH:1
BRF:0
BRH:0
end_of_record
TN:
SF:src/crawler/cheerio_crawler.ts
FN:34,(anonymous_0)
FN:35,(anonymous_1)
FN:36,(anonymous_2)
FN:44,(anonymous_3)
FN:49,(anonymous_4)
FN:61,(anonymous_5)
FN:65,(anonymous_6)
FN:69,(anonymous_7)
FN:73,(anonymous_8)
FN:95,(anonymous_9)
FN:111,(anonymous_10)
FN:119,(anonymous_11)
FN:127,(anonymous_12)
FN:138,(anonymous_13)
FN:150,(anonymous_14)
FN:151,(anonymous_15)
FNF:16
FNH:15
FNDA:2,(anonymous_0)
FNDA:2,(anonymous_1)
FNDA:0,(anonymous_2)
FNDA:2,(anonymous_3)
FNDA:2,(anonymous_4)
FNDA:4,(anonymous_5)
FNDA:2,(anonymous_6)
FNDA:2,(anonymous_7)
FNDA:2,(anonymous_8)
FNDA:4,(anonymous_9)
FNDA:2,(anonymous_10)
FNDA:2,(anonymous_11)
FNDA:2,(anonymous_12)
FNDA:2,(anonymous_13)
FNDA:2,(anonymous_14)
FNDA:2,(anonymous_15)
DA:1,1
DA:2,1
DA:4,1
DA:5,1
DA:6,1
DA:7,1
DA:31,1
DA:41,1
DA:45,2
DA:46,2
DA:50,2
DA:51,2
DA:52,2
DA:57,2
DA:62,4
DA:66,2
DA:70,2
DA:74,2
DA:75,1
DA:76,1
DA:79,0
DA:80,0
DA:84,0
DA:90,2
DA:91,2
DA:92,2
DA:96,4
DA:100,2
DA:101,2
DA:102,2
DA:105,2
DA:110,2
DA:112,2
DA:113,2
DA:120,2
DA:128,2
DA:135,2
DA:138,2
DA:139,2
DA:143,4
DA:151,2
DA:152,2
LF:42
LH:39
BRDA:52,0,0,2
BRDA:53,1,0,2
BRDA:53,1,1,2
BRDA:53,1,2,2
BRDA:62,2,0,4
BRDA:62,2,1,4
BRDA:74,3,0,1
BRDA:75,4,0,1
BRDA:75,4,1,0
BRDA:79,5,0,0
BRDA:79,5,1,0
BRDA:96,6,0,2
BRDA:121,7,0,0
BRDA:121,7,1,2
BRDA:122,8,0,0
BRDA:122,8,1,2
BRF:16
BRH:11
end_of_record
TN:
SF:src/crawler/puppeteer_crawler.ts
FN:5,(anonymous_0)
FN:10,(anonymous_1)
FN:11,(anonymous_2)
FNF:3
FNH:0
FNDA:0,(anonymous_0)
FNDA:0,(anonymous_1)
FNDA:0,(anonymous_2)
DA:1,1
DA:3,1
DA:6,0
DA:7,0
DA:11,0
DA:12,0
LF:6
LH:2
BRF:0
BRH:0
end_of_record
TN:
SF:src/helper/index.ts
FN:9,isArray
FN:18,isString
FN:28,isUrl
FN:45,isFunction
FN:54,urlToHttpOptions
FNF:5
FNH:5
FNDA:6,isArray
FNDA:3,isString
FNDA:1,isUrl
FNDA:2,isFunction
FNDA:1,urlToHttpOptions
DA:1,1
DA:9,1
DA:10,6
DA:18,1
DA:19,3
DA:22,1
DA:28,1
DA:29,1
DA:30,1
DA:36,0
DA:45,1
DA:46,2
DA:54,1
DA:60,1
DA:76,1
DA:77,1
DA:79,1
DA:80,0
DA:84,1
LF:19
LH:17
BRDA:31,0,0,1
BRDA:31,0,1,0
BRDA:31,0,2,0
BRDA:63,1,0,0
BRDA:63,1,1,1
BRDA:63,2,0,1
BRDA:63,2,1,1
BRDA:73,3,0,1
BRDA:73,3,1,0
BRDA:73,4,0,1
BRDA:73,4,1,1
BRDA:76,5,0,1
BRDA:79,6,0,0
BRDA:79,7,0,1
BRDA:79,7,1,1
BRF:15
BRH:10
end_of_record
TN:
SF:src/request/index.ts
FN:15,(anonymous_0)
FN:17,(anonymous_1)
FN:20,(anonymous_2)
FN:24,(anonymous_3)
FN:30,(anonymous_4)
FN:40,(anonymous_5)
FN:51,(anonymous_6)
FN:52,(anonymous_7)
FN:58,(anonymous_8)
FN:64,requestFactory
FNF:10
FNH:8
FNDA:2,(anonymous_0)
FNDA:2,(anonymous_1)
FNDA:2,(anonymous_2)
FNDA:2,(anonymous_3)
FNDA:2,(anonymous_4)
FNDA:2,(anonymous_5)
FNDA:0,(anonymous_6)
FNDA:0,(anonymous_7)
FNDA:2,(anonymous_8)
FNDA:2,requestFactory
DA:1,1
DA:2,1
DA:3,1
DA:4,1
DA:6,1
DA:12,1
DA:16,2
DA:17,2
DA:18,2
DA:20,2
DA:21,2
DA:24,2
DA:25,2
DA:31,2
DA:32,1
DA:33,1
DA:34,0
DA:36,1
DA:41,2
DA:42,2
DA:43,0
DA:44,2
DA:45,2
DA:47,0
DA:52,0
DA:53,0
DA:55,0
DA:59,2
DA:60,2
DA:64,1
DA:65,2
LF:31
LH:25
BRDA:31,0,0,1
BRDA:31,0,1,1
BRDA:33,1,0,0
BRDA:33,1,1,1
BRDA:42,2,0,0
BRDA:42,2,1,2
BRDA:44,3,0,2
BRDA:44,3,1,0
BRF:8
BRH:5
end_of_record
TN:
SF:src/server/index.ts
FN:29,(anonymous_0)
FN:20,(anonymous_1)
FN:22,(anonymous_2)
FN:23,(anonymous_3)
FN:39,(anonymous_4)
FN:43,(anonymous_5)
FN:46,(anonymous_6)
FN:53,(anonymous_7)
FN:57,(anonymous_8)
FN:61,(anonymous_9)
FN:68,(anonymous_10)
FN:69,(anonymous_11)
FN:74,(anonymous_12)
FN:79,(anonymous_13)
FN:99,(anonymous_14)
FN:119,(anonymous_15)
FN:130,(anonymous_16)
FN:135,(anonymous_17)
FN:136,(anonymous_18)
FNF:19
FNH:13
FNDA:1,(anonymous_0)
FNDA:1,(anonymous_1)
FNDA:1,(anonymous_2)
FNDA:1,(anonymous_3)
FNDA:2,(anonymous_4)
FNDA:0,(anonymous_5)
FNDA:0,(anonymous_6)
FNDA:0,(anonymous_7)
FNDA:0,(anonymous_8)
FNDA:2,(anonymous_9)
FNDA:1,(anonymous_10)
FNDA:1,(anonymous_11)
FNDA:2,(anonymous_12)
FNDA:2,(anonymous_13)
FNDA:2,(anonymous_14)
FNDA:2,(anonymous_15)
FNDA:0,(anonymous_16)
FNDA:2,(anonymous_17)
FNDA:0,(anonymous_18)
DA:1,1
DA:2,1
DA:3,1
DA:4,1
DA:13,1
DA:21,1
DA:22,1
DA:23,1
DA:24,1
DA:30,1
DA:31,1
DA:32,1
DA:33,1
DA:34,1
DA:35,1
DA:40,2
DA:44,0
DA:47,0
DA:48,0
DA:54,0
DA:58,0
DA:62,2
DA:63,2
DA:64,2
DA:65,2
DA:69,1
DA:70,1
DA:75,2
DA:76,2
DA:81,2
DA:82,2
DA:84,2
DA:85,2
DA:86,0
DA:88,2
DA:89,2
DA:90,0
DA:93,0
DA:94,0
DA:97,2
DA:99,2
DA:100,2
DA:101,2
DA:102,0
DA:105,2
DA:106,2
DA:107,2
DA:108,1
DA:110,1
DA:112,2
DA:115,0
DA:120,2
DA:121,2
DA:123,0
DA:124,0
DA:125,0
DA:127,0
DA:131,0
DA:132,0
DA:136,2
DA:137,0
DA:138,0
DA:139,0
DA:141,0
LF:64
LH:43
BRDA:85,0,0,0
BRDA:89,1,0,0
BRDA:97,2,0,2
BRDA:97,2,1,2
BRDA:101,3,0,0
BRDA:106,4,0,2
BRDA:107,5,0,1
BRDA:107,5,1,1
BRDA:120,6,0,2
BRDA:124,7,0,0
BRDA:130,8,0,0
BRDA:131,9,0,0
BRDA:131,9,1,0
BRDA:137,10,0,0
BRF:14
BRH:6
end_of_record
